<?xml version="1.0" encoding="UTF-8"?>
<!-- Generated by org.testng.reporters.JUnitReportReporter -->
<testsuite hostname="BHUSHAN" failures="0" tests="2" name="TestNGPract.SureFireTest" time="0.017" errors="0" timestamp="29 Jun 2022 10:10:29 GMT" skipped="0">
  <testcase classname="TestNGPract.SureFireTest" name="t2Met" time="0.015"/>
  <testcase classname="TestNGPract.SureFireTest" name="tMethod" time="0.002"/>
</testsuite> <!-- TestNGPract.SureFireTest -->
