<?xml version="1.0" encoding="UTF-8"?>
<!-- Generated by org.testng.reporters.JUnitReportReporter -->
<testsuite skipped="0" hostname="BHUSHAN" name="TestNGPract.SureFireTest" tests="2" failures="0" timestamp="29 Jun 2022 10:25:31 GMT" time="0.005" errors="0">
  <testcase name="t2Met" time="0.004" classname="TestNGPract.SureFireTest"/>
  <testcase name="tMethod" time="0.001" classname="TestNGPract.SureFireTest"/>
</testsuite> <!-- TestNGPract.SureFireTest -->
