<?xml version="1.0" encoding="UTF-8"?>
<!-- Generated by org.testng.reporters.JUnitReportReporter -->
<testsuite skipped="0" hostname="BHUSHAN" name="TestNGPract.LoginTest" tests="3" failures="0" timestamp="29 Jun 2022 10:27:10 GMT" time="3.296" errors="0">
  <testcase name="signup" time="2.215" classname="TestNGPract.LoginTest"/>
  <testcase name="pageTitle" time="0.014" classname="TestNGPract.LoginTest"/>
  <testcase name="loginTest" time="1.067" classname="TestNGPract.LoginTest"/>
</testsuite> <!-- TestNGPract.LoginTest -->
